<?xml version="1.0" encoding="UTF-8"?>
<!-- Generated by org.testng.reporters.JUnitReportReporter -->
<testsuite hostname="DESKTOP-47P2MTB" failures="0" tests="1" name="day3.LoggingDemo" time="3.228" errors="0" timestamp="2023-06-15T17:03:31 IST" skipped="0">
  <testcase classname="day3.LoggingDemo" name="testLogs" time="3.228"/>
  <system-out/>
</testsuite> <!-- day3.LoggingDemo -->
