<?xml version="1.0" encoding="UTF-8"?>
<!-- Generated by org.testng.reporters.JUnitReportReporter -->
<testsuite hostname="DESKTOP-47P2MTB" failures="0" tests="2" name="day5.FileUploadAndDownload" time="5.352" errors="0" timestamp="2023-06-17T17:50:11 IST" skipped="0">
  <testcase classname="day5.FileUploadAndDownload" name="fileDownload" time="3.968"/>
  <system-out/>
  <testcase classname="day5.FileUploadAndDownload" name="singleFileUpload" time="1.384"/>
  <system-out/>
</testsuite> <!-- day5.FileUploadAndDownload -->
