<?xml version="1.0" encoding="UTF-8"?>
<!-- Generated by org.testng.reporters.JUnitReportReporter -->
<testsuite hostname="DESKTOP-47P2MTB" failures="0" tests="1" name="day7.FakerDataGenerator" time="0.418" errors="0" timestamp="2023-06-19T18:33:22 IST" skipped="0">
  <testcase classname="day7.FakerDataGenerator" name="testGernerateDummyData" time="0.418"/>
  <system-out/>
</testsuite> <!-- day7.FakerDataGenerator -->
