<?xml version="1.0" encoding="UTF-8"?>
<!-- Generated by org.testng.reporters.JUnitReportReporter -->
<testsuite hostname="DESKTOP-47P2MTB" failures="0" tests="2" name="day3.HeaderDemo" time="4.820" errors="0" timestamp="2023-06-15T16:57:16 IST" skipped="0">
  <testcase classname="day3.HeaderDemo" name="getHeaders" time="4.020"/>
  <system-out/>
  <testcase classname="day3.HeaderDemo" name="testHeaders" time="0.800"/>
  <system-out/>
</testsuite> <!-- day3.HeaderDemo -->
