<?xml version="1.0" encoding="UTF-8"?>
<!-- Generated by org.testng.reporters.JUnitReportReporter -->
<testsuite hostname="DESKTOP-47P2MTB" failures="0" tests="5" name="day1.HTTPRequests" time="6.060" errors="0" timestamp="2023-06-16T12:28:57 IST" skipped="0">
  <testcase classname="day1.HTTPRequests" name="updateUser" time="0.365"/>
  <system-out/>
  <testcase classname="day1.HTTPRequests" name="getUsers" time="4.083"/>
  <system-out/>
  <testcase classname="day1.HTTPRequests" name="createUser" time="0.842"/>
  <system-out/>
  <testcase classname="day1.HTTPRequests" name="createUser1" time="0.409"/>
  <system-out/>
  <testcase classname="day1.HTTPRequests" name="deleteUser" time="0.361"/>
  <system-out/>
</testsuite> <!-- day1.HTTPRequests -->
