<?xml version="1.0" encoding="UTF-8"?>
<!-- Generated by org.testng.reporters.JUnitReportReporter -->
<testsuite hostname="DESKTOP-47P2MTB" failures="0" tests="2" name="day6.JSONSchemaValidation" time="3.738" errors="0" timestamp="2023-06-18T12:46:13 IST" skipped="0">
  <testcase classname="day6.JSONSchemaValidation" name="xmlSchemaValidation" time="0.330"/>
  <system-out/>
  <testcase classname="day6.JSONSchemaValidation" name="jasonSchemaValidation" time="3.408"/>
  <system-out/>
</testsuite> <!-- day6.JSONSchemaValidation -->
