<?xml version="1.0" encoding="UTF-8"?>
<!-- Generated by org.testng.reporters.JUnitReportReporter -->
<testsuite hostname="DESKTOP-47P2MTB" failures="0" tests="1" name="day8.DeleteUser" time="0.258" errors="0" timestamp="2023-06-20T17:11:46 IST" skipped="0">
  <testcase classname="day8.DeleteUser" name="testDeleteUser" time="0.258"/>
  <system-out/>
</testsuite> <!-- day8.DeleteUser -->
