<?xml version="1.0" encoding="UTF-8"?>
<!-- Generated by org.testng.reporters.JUnitReportReporter -->
<testsuite hostname="DESKTOP-47P2MTB" failures="0" tests="1" name="day8.CreateUser" time="4.299" errors="0" timestamp="2023-06-20T17:11:46 IST" skipped="0">
  <testcase classname="day8.CreateUser" name="testCreateUser" time="4.299"/>
  <system-out/>
</testsuite> <!-- day8.CreateUser -->
