<?xml version="1.0" encoding="UTF-8"?>
<!-- Generated by org.testng.reporters.JUnitReportReporter -->
<testsuite hostname="DESKTOP-47P2MTB" failures="0" tests="1" name="day8.UpdateUser" time="0.467" errors="0" timestamp="2023-06-20T17:11:46 IST" skipped="0">
  <testcase classname="day8.UpdateUser" name="testUpdateUser" time="0.467"/>
  <system-out/>
</testsuite> <!-- day8.UpdateUser -->
