<?xml version="1.0" encoding="UTF-8"?>
<!-- Generated by org.testng.reporters.JUnitReportReporter -->
<testsuite hostname="DESKTOP-47P2MTB" failures="0" tests="3" name="day3.DemoCookie" time="5.276" errors="0" timestamp="2023-06-15T15:29:35 IST" skipped="0">
  <testcase classname="day3.DemoCookie" name="testCookies" time="3.829"/>
  <system-out/>
  <testcase classname="day3.DemoCookie" name="getCookieInfo" time="0.738"/>
  <system-out/>
  <testcase classname="day3.DemoCookie" name="getCookiesInfo" time="0.709"/>
  <system-out/>
</testsuite> <!-- day3.DemoCookie -->
