<?xml version="1.0" encoding="UTF-8"?>
<!-- Generated by org.testng.reporters.JUnitReportReporter -->
<testsuite hostname="DESKTOP-47P2MTB" failures="0" tests="1" name="day3.PathAndQueryParameter" time="4.434" errors="0" timestamp="2023-06-15T13:14:42 IST" skipped="0">
  <testcase classname="day3.PathAndQueryParameter" name="testPathAndQueryParameter" time="4.434"/>
  <system-out/>
</testsuite> <!-- day3.PathAndQueryParameter -->
