<?xml version="1.0" encoding="UTF-8"?>
<!-- Generated by org.testng.reporters.JUnitReportReporter -->
<testsuite hostname="DESKTOP-47P2MTB" failures="0" tests="3" name="day5.ParsingXMLResponse" time="4.562" errors="0" timestamp="2023-06-17T12:17:43 IST" skipped="0">
  <testcase classname="day5.ParsingXMLResponse" name="testXMLResponse_Approach2b" time="0.276"/>
  <system-out/>
  <testcase classname="day5.ParsingXMLResponse" name="testXMLResponse_Approach1" time="4.049"/>
  <system-out/>
  <testcase classname="day5.ParsingXMLResponse" name="testXMLResponse_Approach2a" time="0.237"/>
  <system-out/>
</testsuite> <!-- day5.ParsingXMLResponse -->
