<?xml version="1.0" encoding="UTF-8"?>
<!-- Generated by org.testng.reporters.JUnitReportReporter -->
<testsuite hostname="DESKTOP-47P2MTB" failures="0" tests="2" name="day6.SerializationAndDeserialization" time="0.449" errors="0" timestamp="2023-06-18T17:18:07 IST" skipped="0">
  <testcase classname="day6.SerializationAndDeserialization" name="convetJsonToPojo" time="0.392"/>
  <system-out/>
  <testcase classname="day6.SerializationAndDeserialization" name="convetPojoToJson" time="0.057"/>
  <system-out/>
</testsuite> <!-- day6.SerializationAndDeserialization -->
