<?xml version="1.0" encoding="UTF-8"?>
<!-- Generated by org.testng.reporters.JUnitReportReporter -->
<testsuite hostname="DESKTOP-47P2MTB" failures="0" tests="3" name="day4.ParsingJSONResponseData" time="4.115" errors="0" timestamp="2023-06-16T20:27:13 IST" skipped="0">
  <testcase classname="day4.ParsingJSONResponseData" name="testJSONResponseApproach2" time="3.777"/>
  <system-out/>
  <testcase classname="day4.ParsingJSONResponseData" name="testJSONResponseApproach3" time="0.105"/>
  <system-out/>
  <testcase classname="day4.ParsingJSONResponseData" name="testJSONResponse_Approach1" time="0.233"/>
  <system-out/>
</testsuite> <!-- day4.ParsingJSONResponseData -->
